time="2025-01-10T00:13:55+04:00" level=info msg="Database connection pool init successfully" func=My_Frist_Golang/db.InitDB file="C:/Users/Hero/Desktop/code/Go/My_Frist_Golang/db/InitDB.go:31"
time="2025-01-10T00:13:55+04:00" level=info msg="Server is listening on port 8181" func=My_Frist_Golang/handlers.InitHandlers file="C:/Users/Hero/Desktop/code/Go/My_Frist_Golang/handlers/handlers.go:28"
time="2025-01-10T00:13:59+04:00" level=info msg="Validation succeeded" func=My_Frist_Golang/handlers.Validation file="C:/Users/Hero/Desktop/code/Go/My_Frist_Golang/handlers/validation.go:38" data="&{6@test.ru 1111111}"
time="2025-01-10T00:13:59+04:00" level=info msg="Data validation successful" func=My_Frist_Golang/handlers.DecodeData file="C:/Users/Hero/Desktop/code/Go/My_Frist_Golang/handlers/decode.go:32" data="&{6@test.ru 1111111}"
time="2025-01-10T00:13:59+04:00" level=info msg="Login request received" func=My_Frist_Golang/handlers.LoginHandler file="C:/Users/Hero/Desktop/code/Go/My_Frist_Golang/handlers/handlers.go:57" email=6@test.ru
time="2025-01-10T00:13:59+04:00" level=info msg="User found and password matched" func=My_Frist_Golang/db.FindUser file="C:/Users/Hero/Desktop/code/Go/My_Frist_Golang/db/db.go:108" email=6@test.ru id=39
time="2025-01-10T00:13:59+04:00" level=info msg="Login successful" func=My_Frist_Golang/handlers.LoginHandler file="C:/Users/Hero/Desktop/code/Go/My_Frist_Golang/handlers/handlers.go:69" email=6@test.ru
time="2025-01-10T00:14:01+04:00" level=info msg="User found" func=My_Frist_Golang/db.Findid file="C:/Users/Hero/Desktop/code/Go/My_Frist_Golang/db/db.go:80" id=39
time="2025-01-10T00:14:01+04:00" level=info msg="User authenticated successfully" func=My_Frist_Golang/middleware.AuthMiddleware.func1 file="C:/Users/Hero/Desktop/code/Go/My_Frist_Golang/middleware/middleware.go:74" email=6@test.ru user_id=39
time="2025-01-10T00:14:01+04:00" level=info msg="Validation succeeded" func=My_Frist_Golang/handlers.Validation file="C:/Users/Hero/Desktop/code/Go/My_Frist_Golang/handlers/validation.go:38" data="&{Loooogs Logs }"
time="2025-01-10T00:14:01+04:00" level=info msg="New task created successfully" func=My_Frist_Golang/db.NewTask file="C:/Users/Hero/Desktop/code/Go/My_Frist_Golang/db/db.go:126" name=Loooogs user_id=39
time="2025-01-10T00:14:01+04:00" level=info msg="Task retrieved successfully after creation" func=My_Frist_Golang/db.NewTask file="C:/Users/Hero/Desktop/code/Go/My_Frist_Golang/db/db.go:139"
time="2025-01-10T00:14:01+04:00" level=info msg="Task created successfully" func=My_Frist_Golang/handlers.TaskHandler file="C:/Users/Hero/Desktop/code/Go/My_Frist_Golang/handlers/handlers.go:96" task=Loooogs
time="2025-01-10T00:15:04+04:00" level=info msg="Database connection pool init successfully" func=My_Frist_Golang/db.InitDB file="C:/Users/Hero/Desktop/code/Go/My_Frist_Golang/db/InitDB.go:31"
time="2025-01-10T00:15:04+04:00" level=info msg="Server is listening on port 8181" func=My_Frist_Golang/handlers.InitHandlers file="C:/Users/Hero/Desktop/code/Go/My_Frist_Golang/handlers/handlers.go:28"
time="2025-01-10T00:15:09+04:00" level=info msg="Validation succeeded" func=My_Frist_Golang/handlers.Validation file="C:/Users/Hero/Desktop/code/Go/My_Frist_Golang/handlers/validation.go:36"
time="2025-01-10T00:15:09+04:00" level=info msg="Login request received" func=My_Frist_Golang/handlers.LoginHandler file="C:/Users/Hero/Desktop/code/Go/My_Frist_Golang/handlers/handlers.go:57" email=6@test.ru
time="2025-01-10T00:15:09+04:00" level=info msg="User found and password matched" func=My_Frist_Golang/db.FindUser file="C:/Users/Hero/Desktop/code/Go/My_Frist_Golang/db/db.go:108" email=6@test.ru id=39
time="2025-01-10T00:15:09+04:00" level=info msg="Login successful" func=My_Frist_Golang/handlers.LoginHandler file="C:/Users/Hero/Desktop/code/Go/My_Frist_Golang/handlers/handlers.go:69" email=6@test.ru
time="2025-01-10T00:15:12+04:00" level=info msg="User found" func=My_Frist_Golang/db.Findid file="C:/Users/Hero/Desktop/code/Go/My_Frist_Golang/db/db.go:80" id=39
time="2025-01-10T00:15:12+04:00" level=info msg="User authenticated successfully" func=My_Frist_Golang/middleware.AuthMiddleware.func1 file="C:/Users/Hero/Desktop/code/Go/My_Frist_Golang/middleware/middleware.go:74" email=6@test.ru user_id=39
time="2025-01-10T00:15:12+04:00" level=info msg="Validation succeeded" func=My_Frist_Golang/handlers.Validation file="C:/Users/Hero/Desktop/code/Go/My_Frist_Golang/handlers/validation.go:36"
time="2025-01-10T00:15:12+04:00" level=info msg="New task created successfully" func=My_Frist_Golang/db.NewTask file="C:/Users/Hero/Desktop/code/Go/My_Frist_Golang/db/db.go:126" name=Loooogs user_id=39
time="2025-01-10T00:15:12+04:00" level=info msg="Task retrieved successfully after creation" func=My_Frist_Golang/db.NewTask file="C:/Users/Hero/Desktop/code/Go/My_Frist_Golang/db/db.go:139"
time="2025-01-10T00:15:12+04:00" level=info msg="Task created successfully" func=My_Frist_Golang/handlers.TaskHandler file="C:/Users/Hero/Desktop/code/Go/My_Frist_Golang/handlers/handlers.go:96" task=Loooogs
time="2025-01-10T00:15:37+04:00" level=info msg="Validation succeeded" func=My_Frist_Golang/handlers.Validation file="C:/Users/Hero/Desktop/code/Go/My_Frist_Golang/handlers/validation.go:36"
time="2025-01-10T00:15:37+04:00" level=info msg="Registration request received" func=My_Frist_Golang/handlers.registerHandler file="C:/Users/Hero/Desktop/code/Go/My_Frist_Golang/handlers/handlers.go:37" email=7@test.ru name=asd
time="2025-01-10T00:15:37+04:00" level=info msg="Password hashed successfully" func=My_Frist_Golang/db.PasswordHesh file="C:/Users/Hero/Desktop/code/Go/My_Frist_Golang/db/db.go:64"
time="2025-01-10T00:15:37+04:00" level=info msg="User successfully registered" func=My_Frist_Golang/db.Registration file="C:/Users/Hero/Desktop/code/Go/My_Frist_Golang/db/db.go:51" email=7@test.ru
time="2025-01-10T00:15:37+04:00" level=info msg="Registration successful" func=My_Frist_Golang/handlers.registerHandler file="C:/Users/Hero/Desktop/code/Go/My_Frist_Golang/handlers/handlers.go:49" email=7@test.ru
time="2025-01-10T00:16:01+04:00" level=info msg="User found" func=My_Frist_Golang/db.Findid file="C:/Users/Hero/Desktop/code/Go/My_Frist_Golang/db/db.go:80" id=39
time="2025-01-10T00:16:01+04:00" level=info msg="User authenticated successfully" func=My_Frist_Golang/middleware.AuthMiddleware.func1 file="C:/Users/Hero/Desktop/code/Go/My_Frist_Golang/middleware/middleware.go:74" email=6@test.ru user_id=39
time="2025-01-10T00:16:01+04:00" level=info msg="Validation succeeded" func=My_Frist_Golang/handlers.Validation file="C:/Users/Hero/Desktop/code/Go/My_Frist_Golang/handlers/validation.go:36"
time="2025-01-10T00:16:01+04:00" level=info msg="Tasks retrieved successfully" func=My_Frist_Golang/db.GetAllTasks file="C:/Users/Hero/Desktop/code/Go/My_Frist_Golang/db/db.go:160" user_id=39
time="2025-01-10T00:16:01+04:00" level=info msg="Tasks returned successfully" func=My_Frist_Golang/db.GetAllTasks file="C:/Users/Hero/Desktop/code/Go/My_Frist_Golang/db/db.go:174"
time="2025-01-10T00:16:02+04:00" level=info msg="User found" func=My_Frist_Golang/db.Findid file="C:/Users/Hero/Desktop/code/Go/My_Frist_Golang/db/db.go:80" id=39
time="2025-01-10T00:16:02+04:00" level=info msg="User authenticated successfully" func=My_Frist_Golang/middleware.AuthMiddleware.func1 file="C:/Users/Hero/Desktop/code/Go/My_Frist_Golang/middleware/middleware.go:74" email=6@test.ru user_id=39
time="2025-01-10T00:16:02+04:00" level=info msg="Validation succeeded" func=My_Frist_Golang/handlers.Validation file="C:/Users/Hero/Desktop/code/Go/My_Frist_Golang/handlers/validation.go:36"
time="2025-01-10T00:16:02+04:00" level=info msg="Tasks retrieved successfully" func=My_Frist_Golang/db.GetAllTasks file="C:/Users/Hero/Desktop/code/Go/My_Frist_Golang/db/db.go:160" user_id=39
time="2025-01-10T00:16:02+04:00" level=info msg="Tasks returned successfully" func=My_Frist_Golang/db.GetAllTasks file="C:/Users/Hero/Desktop/code/Go/My_Frist_Golang/db/db.go:174"
time="2025-01-10T00:19:00+04:00" level=info msg="Database connection pool init successfully" func=My_Frist_Golang/db.InitDB file="C:/Users/Hero/Desktop/code/Go/My_Frist_Golang/db/InitDB.go:31"
time="2025-01-10T00:19:00+04:00" level=info msg="Server is listening on port 8181" func=My_Frist_Golang/handlers.InitHandlers file="C:/Users/Hero/Desktop/code/Go/My_Frist_Golang/handlers/handlers.go:28"
time="2025-01-10T00:19:05+04:00" level=info msg="User found" func=My_Frist_Golang/db.Findid file="C:/Users/Hero/Desktop/code/Go/My_Frist_Golang/db/db.go:80" id=39
time="2025-01-10T00:19:05+04:00" level=info msg="User authenticated successfully" func=My_Frist_Golang/middleware.AuthMiddleware.func1 file="C:/Users/Hero/Desktop/code/Go/My_Frist_Golang/middleware/middleware.go:74" email=6@test.ru user_id=39
time="2025-01-10T00:19:05+04:00" level=info msg="Validation succeeded" func=My_Frist_Golang/handlers.Validation file="C:/Users/Hero/Desktop/code/Go/My_Frist_Golang/handlers/validation.go:36"
time="2025-01-10T00:19:05+04:00" level=info msg="Tasks retrieved successfully" func=My_Frist_Golang/db.GetAllTasks file="C:/Users/Hero/Desktop/code/Go/My_Frist_Golang/db/db.go:160" user_id=39
time="2025-01-10T00:19:05+04:00" level=info msg="Tasks returned successfully" func=My_Frist_Golang/db.GetAllTasks file="C:/Users/Hero/Desktop/code/Go/My_Frist_Golang/db/db.go:176" data="{[{72 backlog 1 sdasd 2025-01-06 21:15:46 +0000 UTC 2025-01-07 03:15:46 +0000 UTC} {73 backlog 1 2 2025-01-06 21:15:48 +0000 UTC 2025-01-07 03:15:48 +0000 UTC} {74 backlog 4 3 2025-01-06 21:15:50 +0000 UTC 2025-01-07 03:15:50 +0000 UTC}]}"
time="2025-01-10T00:22:05+04:00" level=info msg="Database connection pool init successfully" func=My_Frist_Golang/db.InitDB file="C:/Users/Hero/Desktop/code/Go/My_Frist_Golang/db/InitDB.go:31"
time="2025-01-10T00:22:05+04:00" level=info msg="Server is listening on port 8181" func=My_Frist_Golang/handlers.InitHandlers file="C:/Users/Hero/Desktop/code/Go/My_Frist_Golang/handlers/handlers.go:28"
time="2025-01-10T00:22:09+04:00" level=info msg="User found" func=My_Frist_Golang/db.Findid file="C:/Users/Hero/Desktop/code/Go/My_Frist_Golang/db/db.go:80" id=39
time="2025-01-10T00:22:09+04:00" level=info msg="User authenticated successfully" func=My_Frist_Golang/middleware.AuthMiddleware.func1 file="C:/Users/Hero/Desktop/code/Go/My_Frist_Golang/middleware/middleware.go:74" email=6@test.ru user_id=39
time="2025-01-10T00:22:09+04:00" level=info msg="Validation succeeded" func=My_Frist_Golang/handlers.Validation file="C:/Users/Hero/Desktop/code/Go/My_Frist_Golang/handlers/validation.go:36"
time="2025-01-10T00:22:09+04:00" level=info msg="Tasks retrieved successfully" func=My_Frist_Golang/db.GetAllTasks file="C:/Users/Hero/Desktop/code/Go/My_Frist_Golang/db/db.go:160" user_id=39
time="2025-01-10T00:22:09+04:00" level=info msg="Tasks returned successfully" func=My_Frist_Golang/db.GetAllTasks file="C:/Users/Hero/Desktop/code/Go/My_Frist_Golang/db/db.go:176" data="{[{78 backlog Loooogs Logs 2025-01-10 00:14:01 +0000 UTC 2025-01-10 06:14:01 +0000 UTC} {79 backlog Loooogs Logs 2025-01-10 00:15:12 +0000 UTC 2025-01-10 06:15:12 +0000 UTC}]}"
